2019-04-16 11:19:26,016 - root - WARNING - 警告错误
2019-04-16 11:19:26,017 - root - ERROR - error message
2019-04-16 11:19:26,017 - root - CRITICAL - critical message
2019-04-16 11:22:36,387 - root - WARNING - 警告错误
2019-04-16 11:22:36,388 - root - ERROR - error message
2019-04-16 11:22:36,388 - root - CRITICAL - critical message
2019-04-16 11:22:36,388 - root - WARNING - 测试一下 warning
2019-04-16 11:23:21,391 - root - WARNING - 测试一下 warning
2019-04-16 11:23:21,392 - root - ERROR - 测试一下 error
2019-04-16 11:23:21,392 - root - CRITICAL - 测试一下 critical
2019-04-16 11:24:43,776 - root - WARNING - 测试一下 warning
2019-04-16 11:24:43,776 - root - ERROR - 测试一下 error
2019-04-16 11:24:43,776 - root - CRITICAL - 测试一下 critical
2019-04-16 11:24:47,492 - root - WARNING - 测试一下 warning
2019-04-16 11:24:47,492 - root - ERROR - 测试一下 error
2019-04-16 11:24:47,492 - root - CRITICAL - 测试一下 critical
2019-04-16 11:25:16,020 - root - WARNING - 测试一下 warning
2019-04-16 11:25:16,020 - root - ERROR - 测试一下 error
2019-04-16 11:25:16,020 - root - CRITICAL - 测试一下 critical
2019-04-16 11:28:40,938 - root - INFO - 测试一下 info
2019-04-16 11:28:40,938 - root - WARNING - 测试一下 warning
2019-04-16 11:28:40,939 - root - ERROR - 测试一下 error
2019-04-16 11:28:40,939 - root - CRITICAL - 测试一下 critical
2019-04-16 11:29:12,904 - root - INFO - 测试一下 info
2019-04-16 11:29:12,905 - root - WARNING - 测试一下 warning
2019-04-16 11:29:12,905 - root - ERROR - 测试一下 error
2019-04-16 11:29:12,905 - root - CRITICAL - 测试一下 critical
2019-04-16 11:29:50,590 - root - INFO - 测试一下 info
2019-04-16 11:29:50,590 - root - WARNING - 测试一下 warning
2019-04-16 11:29:50,591 - root - ERROR - 测试一下 error
2019-04-16 11:29:50,591 - root - CRITICAL - 测试一下 critical
2019-04-16 11:30:31,835 - root - INFO - 测试一下 info
2019-04-16 11:30:31,840 - root - WARNING - 测试一下 warning
2019-04-16 11:30:31,840 - root - ERROR - 测试一下 error
2019-04-16 11:30:31,840 - root - CRITICAL - 测试一下 critical
2019-04-16 11:35:43,984 - root - INFO - 人生苦短,我用Python  第1次
2019-04-16 11:35:43,985 - root - INFO - 人生苦短,我用Python  第2次
2019-04-16 11:35:43,985 - root - INFO - 人生苦短,我用Python  第3次
2019-04-16 11:35:43,985 - root - INFO - 人生苦短,我用Python  第4次
2019-04-16 11:35:43,985 - root - INFO - 人生苦短,我用Python  第5次
2019-04-16 11:35:43,985 - root - INFO - 人生苦短,我用Python  第6次
2019-04-16 11:35:43,985 - root - INFO - 人生苦短,我用Python  第7次
2019-04-16 11:35:43,985 - root - INFO - 人生苦短,我用Python  第8次
2019-04-16 11:35:43,985 - root - INFO - 人生苦短,我用Python  第9次
2019-04-16 11:35:43,985 - root - INFO - 人生苦短,我用Python  第10次
2019-04-16 11:35:43,986 - root - INFO - 人生苦短,我用Python  第11次
2019-04-16 11:35:43,986 - root - INFO - 人生苦短,我用Python  第12次
2019-04-16 11:35:43,986 - root - INFO - 人生苦短,我用Python  第13次
2019-04-16 11:35:43,986 - root - INFO - 人生苦短,我用Python  第14次
2019-04-16 11:35:43,986 - root - INFO - 人生苦短,我用Python  第15次
2019-04-16 11:35:43,986 - root - INFO - 人生苦短,我用Python  第16次
2019-04-16 11:35:43,986 - root - INFO - 人生苦短,我用Python  第17次
2019-04-16 11:35:43,986 - root - INFO - 人生苦短,我用Python  第18次
2019-04-16 11:35:43,986 - root - INFO - 人生苦短,我用Python  第19次
2019-04-16 11:35:43,986 - root - INFO - 人生苦短,我用Python  第20次
2019-04-16 11:35:43,986 - root - INFO - 人生苦短,我用Python  第21次
2019-04-16 11:35:43,986 - root - INFO - 人生苦短,我用Python  第22次
2019-04-16 11:35:43,986 - root - INFO - 人生苦短,我用Python  第23次
2019-04-16 11:35:43,987 - root - INFO - 人生苦短,我用Python  第24次
2019-04-16 11:35:43,987 - root - INFO - 人生苦短,我用Python  第25次
2019-04-16 11:35:43,987 - root - INFO - 人生苦短,我用Python  第26次
2019-04-16 11:35:43,987 - root - INFO - 人生苦短,我用Python  第27次
2019-04-16 11:35:43,987 - root - INFO - 人生苦短,我用Python  第28次
2019-04-16 11:35:43,987 - root - INFO - 人生苦短,我用Python  第29次
2019-04-16 11:35:43,987 - root - INFO - 人生苦短,我用Python  第30次
2019-04-16 11:35:43,987 - root - INFO - 人生苦短,我用Python  第31次
2019-04-16 11:35:43,987 - root - INFO - 人生苦短,我用Python  第32次
2019-04-16 11:35:43,987 - root - INFO - 人生苦短,我用Python  第33次
2019-04-16 11:35:43,987 - root - INFO - 人生苦短,我用Python  第34次
2019-04-16 11:35:43,987 - root - INFO - 人生苦短,我用Python  第35次
2019-04-16 11:35:43,988 - root - INFO - 人生苦短,我用Python  第36次
2019-04-16 11:35:43,988 - root - INFO - 人生苦短,我用Python  第37次
2019-04-16 11:35:43,988 - root - INFO - 人生苦短,我用Python  第38次
2019-04-16 11:35:43,988 - root - INFO - 人生苦短,我用Python  第39次
2019-04-16 11:35:43,988 - root - INFO - 人生苦短,我用Python  第40次
2019-04-16 11:35:43,988 - root - INFO - 人生苦短,我用Python  第41次
2019-04-16 11:35:43,988 - root - INFO - 人生苦短,我用Python  第42次
2019-04-16 11:35:43,988 - root - INFO - 人生苦短,我用Python  第43次
2019-04-16 11:35:43,988 - root - INFO - 人生苦短,我用Python  第44次
2019-04-16 11:35:43,988 - root - INFO - 人生苦短,我用Python  第45次
2019-04-16 11:35:43,988 - root - INFO - 人生苦短,我用Python  第46次
2019-04-16 11:35:43,988 - root - INFO - 人生苦短,我用Python  第47次
2019-04-16 11:35:43,988 - root - INFO - 人生苦短,我用Python  第48次
2019-04-16 11:35:43,988 - root - INFO - 人生苦短,我用Python  第49次
2019-04-16 11:35:43,989 - root - INFO - 人生苦短,我用Python  第50次
2019-04-16 11:35:43,989 - root - INFO - 人生苦短,我用Python  第51次
2019-04-16 11:35:43,989 - root - INFO - 人生苦短,我用Python  第52次
2019-04-16 11:35:43,989 - root - INFO - 人生苦短,我用Python  第53次
2019-04-16 11:35:43,989 - root - INFO - 人生苦短,我用Python  第54次
2019-04-16 11:35:43,989 - root - INFO - 人生苦短,我用Python  第55次
2019-04-16 11:35:43,989 - root - INFO - 人生苦短,我用Python  第56次
2019-04-16 11:35:43,989 - root - INFO - 人生苦短,我用Python  第57次
2019-04-16 11:35:43,989 - root - INFO - 人生苦短,我用Python  第58次
2019-04-16 11:35:43,989 - root - INFO - 人生苦短,我用Python  第59次
2019-04-16 11:35:43,989 - root - INFO - 人生苦短,我用Python  第60次
2019-04-16 11:35:43,990 - root - INFO - 人生苦短,我用Python  第61次
2019-04-16 11:35:43,990 - root - INFO - 人生苦短,我用Python  第62次
2019-04-16 11:35:43,990 - root - INFO - 人生苦短,我用Python  第63次
2019-04-16 11:35:43,990 - root - INFO - 人生苦短,我用Python  第64次
2019-04-16 11:35:43,990 - root - INFO - 人生苦短,我用Python  第65次
2019-04-16 11:35:43,990 - root - INFO - 人生苦短,我用Python  第66次
2019-04-16 11:35:43,990 - root - INFO - 人生苦短,我用Python  第67次
2019-04-16 11:35:43,990 - root - INFO - 人生苦短,我用Python  第68次
2019-04-16 11:35:43,990 - root - INFO - 人生苦短,我用Python  第69次
2019-04-16 11:35:43,990 - root - INFO - 人生苦短,我用Python  第70次
2019-04-16 11:35:43,991 - root - INFO - 人生苦短,我用Python  第71次
2019-04-16 11:35:43,991 - root - INFO - 人生苦短,我用Python  第72次
2019-04-16 11:35:43,991 - root - INFO - 人生苦短,我用Python  第73次
2019-04-16 11:35:43,991 - root - INFO - 人生苦短,我用Python  第74次
2019-04-16 11:35:43,991 - root - INFO - 人生苦短,我用Python  第75次
2019-04-16 11:35:43,991 - root - INFO - 人生苦短,我用Python  第76次
2019-04-16 11:35:43,991 - root - INFO - 人生苦短,我用Python  第77次
2019-04-16 11:35:43,991 - root - INFO - 人生苦短,我用Python  第78次
2019-04-16 11:35:43,991 - root - INFO - 人生苦短,我用Python  第79次
2019-04-16 11:35:43,991 - root - INFO - 人生苦短,我用Python  第80次
2019-04-16 11:35:43,992 - root - INFO - 人生苦短,我用Python  第81次
2019-04-16 11:35:43,992 - root - INFO - 人生苦短,我用Python  第82次
2019-04-16 11:35:43,992 - root - INFO - 人生苦短,我用Python  第83次
2019-04-16 11:35:43,992 - root - INFO - 人生苦短,我用Python  第84次
2019-04-16 11:35:43,992 - root - INFO - 人生苦短,我用Python  第85次
2019-04-16 11:35:43,992 - root - INFO - 人生苦短,我用Python  第86次
2019-04-16 11:35:43,992 - root - INFO - 人生苦短,我用Python  第87次
2019-04-16 11:35:43,992 - root - INFO - 人生苦短,我用Python  第88次
2019-04-16 11:35:43,992 - root - INFO - 人生苦短,我用Python  第89次
2019-04-16 11:35:43,992 - root - INFO - 人生苦短,我用Python  第90次
2019-04-16 11:35:43,992 - root - INFO - 人生苦短,我用Python  第91次
2019-04-16 11:35:43,993 - root - INFO - 人生苦短,我用Python  第92次
2019-04-16 11:35:43,993 - root - INFO - 人生苦短,我用Python  第93次
2019-04-16 11:35:43,993 - root - INFO - 人生苦短,我用Python  第94次
2019-04-16 11:35:43,993 - root - INFO - 人生苦短,我用Python  第95次
2019-04-16 11:35:43,993 - root - INFO - 人生苦短,我用Python  第96次
2019-04-16 11:35:43,993 - root - INFO - 人生苦短,我用Python  第97次
2019-04-16 11:35:43,993 - root - INFO - 人生苦短,我用Python  第98次
2019-04-16 11:35:43,993 - root - INFO - 人生苦短,我用Python  第99次
2019-04-16 11:35:43,993 - root - INFO - 人生苦短,我用Python  第100次
2019-04-16 11:38:38,546 - root - INFO - 11 + 22 = 33
2019-04-16 11:38:44,741 - root - ERROR - invalid literal for int() with base 10: 'aaa'
2019-04-16 11:40:03,516 - root - INFO - 11 + 22 = 33
2019-04-16 11:40:10,799 - root - INFO - 2 + 333 = 335
2019-04-16 11:43:07,660 - root - INFO - 1
2019-04-16 11:43:07,661 - root - INFO - 2
2019-04-16 11:43:07,661 - root - INFO - 6
2019-04-16 11:43:07,661 - root - INFO - 24
2019-04-16 11:43:07,661 - root - INFO - 120
2019-04-16 11:43:07,661 - root - INFO - 720
2019-04-16 11:44:48,489 - root - INFO - 1
2019-04-16 11:44:48,489 - root - INFO - 1
2019-04-16 11:44:48,489 - root - INFO - 2
2019-04-16 11:44:48,490 - root - INFO - 3
2019-04-16 11:44:48,490 - root - INFO - 5
2019-04-16 11:47:29,276 - root - INFO - [1, 2, 1]
2019-04-16 11:47:36,727 - root - INFO - [1, 2, 1]
2019-04-16 11:47:36,728 - root - INFO - [1, 4, 6, 4, 1]
2019-04-16 11:47:36,853 - root - INFO - [1, 7, 21, 35, 35, 21, 7, 1]
2019-04-16 11:48:02,339 - root - INFO - [1, 2, 1]
2019-04-16 11:48:02,340 - root - INFO - [1, 3, 3, 1]
2019-04-16 11:48:02,340 - root - INFO - [1, 4, 6, 4, 1]
2019-04-16 11:48:02,341 - root - INFO - [1, 5, 10, 10, 5, 1]
2019-04-16 11:48:02,351 - root - INFO - [1, 6, 15, 20, 15, 6, 1]
2019-04-16 11:48:02,479 - root - INFO - [1, 7, 21, 35, 35, 21, 7, 1]
2019-04-16 11:49:34,941 - root - INFO - [1, 2, 1]
2019-04-16 11:49:34,941 - root - INFO - [1, 3, 3, 1]
2019-04-16 11:49:34,942 - root - INFO - [1, 4, 6, 4, 1]
2019-04-16 11:49:34,943 - root - INFO - [1, 5, 10, 10, 5, 1]
2019-04-16 11:49:34,953 - root - INFO - [1, 6, 15, 20, 15, 6, 1]
2019-04-16 11:49:35,084 - root - INFO - [1, 7, 21, 35, 35, 21, 7, 1]
2019-04-16 11:49:41,758 - root - INFO - 1
2019-04-16 11:49:41,759 - root - INFO - 1
2019-04-16 11:49:41,759 - root - INFO - 2
2019-04-16 11:49:41,759 - root - INFO - 3
2019-04-16 11:49:41,759 - root - INFO - 5
2019-04-16 11:49:47,387 - root - INFO - 人生苦短,我用Python  第1次
2019-04-16 11:49:47,387 - root - INFO - 人生苦短,我用Python  第2次
2019-04-16 11:49:47,387 - root - INFO - 人生苦短,我用Python  第3次
2019-04-16 11:49:47,387 - root - INFO - 人生苦短,我用Python  第4次
2019-04-16 11:49:47,387 - root - INFO - 人生苦短,我用Python  第5次
2019-04-16 11:49:47,388 - root - INFO - 人生苦短,我用Python  第6次
2019-04-16 11:49:47,388 - root - INFO - 人生苦短,我用Python  第7次
2019-04-16 11:49:47,388 - root - INFO - 人生苦短,我用Python  第8次
2019-04-16 11:49:47,388 - root - INFO - 人生苦短,我用Python  第9次
2019-04-16 11:49:47,388 - root - INFO - 人生苦短,我用Python  第10次
2019-04-16 11:49:47,388 - root - INFO - 人生苦短,我用Python  第11次
2019-04-16 11:49:47,388 - root - INFO - 人生苦短,我用Python  第12次
2019-04-16 11:49:47,388 - root - INFO - 人生苦短,我用Python  第13次
2019-04-16 11:49:47,388 - root - INFO - 人生苦短,我用Python  第14次
2019-04-16 11:49:47,388 - root - INFO - 人生苦短,我用Python  第15次
2019-04-16 11:49:47,388 - root - INFO - 人生苦短,我用Python  第16次
2019-04-16 11:49:47,388 - root - INFO - 人生苦短,我用Python  第17次
2019-04-16 11:49:47,388 - root - INFO - 人生苦短,我用Python  第18次
2019-04-16 11:49:47,388 - root - INFO - 人生苦短,我用Python  第19次
2019-04-16 11:49:47,388 - root - INFO - 人生苦短,我用Python  第20次
2019-04-16 11:49:47,388 - root - INFO - 人生苦短,我用Python  第21次
2019-04-16 11:49:47,389 - root - INFO - 人生苦短,我用Python  第22次
2019-04-16 11:49:47,389 - root - INFO - 人生苦短,我用Python  第23次
2019-04-16 11:49:47,389 - root - INFO - 人生苦短,我用Python  第24次
2019-04-16 11:49:47,389 - root - INFO - 人生苦短,我用Python  第25次
2019-04-16 11:49:47,389 - root - INFO - 人生苦短,我用Python  第26次
2019-04-16 11:49:47,389 - root - INFO - 人生苦短,我用Python  第27次
2019-04-16 11:49:47,389 - root - INFO - 人生苦短,我用Python  第28次
2019-04-16 11:49:47,389 - root - INFO - 人生苦短,我用Python  第29次
2019-04-16 11:49:47,389 - root - INFO - 人生苦短,我用Python  第30次
2019-04-16 11:49:47,389 - root - INFO - 人生苦短,我用Python  第31次
2019-04-16 11:49:47,389 - root - INFO - 人生苦短,我用Python  第32次
2019-04-16 11:49:47,389 - root - INFO - 人生苦短,我用Python  第33次
2019-04-16 11:49:47,389 - root - INFO - 人生苦短,我用Python  第34次
2019-04-16 11:49:47,389 - root - INFO - 人生苦短,我用Python  第35次
2019-04-16 11:49:47,389 - root - INFO - 人生苦短,我用Python  第36次
2019-04-16 11:49:47,389 - root - INFO - 人生苦短,我用Python  第37次
2019-04-16 11:49:47,390 - root - INFO - 人生苦短,我用Python  第38次
2019-04-16 11:49:47,390 - root - INFO - 人生苦短,我用Python  第39次
2019-04-16 11:49:47,390 - root - INFO - 人生苦短,我用Python  第40次
2019-04-16 11:49:47,390 - root - INFO - 人生苦短,我用Python  第41次
2019-04-16 11:49:47,390 - root - INFO - 人生苦短,我用Python  第42次
2019-04-16 11:49:47,390 - root - INFO - 人生苦短,我用Python  第43次
2019-04-16 11:49:47,390 - root - INFO - 人生苦短,我用Python  第44次
2019-04-16 11:49:47,390 - root - INFO - 人生苦短,我用Python  第45次
2019-04-16 11:49:47,390 - root - INFO - 人生苦短,我用Python  第46次
2019-04-16 11:49:47,390 - root - INFO - 人生苦短,我用Python  第47次
2019-04-16 11:49:47,390 - root - INFO - 人生苦短,我用Python  第48次
2019-04-16 11:49:47,390 - root - INFO - 人生苦短,我用Python  第49次
2019-04-16 11:49:47,390 - root - INFO - 人生苦短,我用Python  第50次
2019-04-16 11:49:47,390 - root - INFO - 人生苦短,我用Python  第51次
2019-04-16 11:49:47,390 - root - INFO - 人生苦短,我用Python  第52次
2019-04-16 11:49:47,390 - root - INFO - 人生苦短,我用Python  第53次
2019-04-16 11:49:47,391 - root - INFO - 人生苦短,我用Python  第54次
2019-04-16 11:49:47,391 - root - INFO - 人生苦短,我用Python  第55次
2019-04-16 11:49:47,391 - root - INFO - 人生苦短,我用Python  第56次
2019-04-16 11:49:47,391 - root - INFO - 人生苦短,我用Python  第57次
2019-04-16 11:49:47,391 - root - INFO - 人生苦短,我用Python  第58次
2019-04-16 11:49:47,391 - root - INFO - 人生苦短,我用Python  第59次
2019-04-16 11:49:47,391 - root - INFO - 人生苦短,我用Python  第60次
2019-04-16 11:49:47,391 - root - INFO - 人生苦短,我用Python  第61次
2019-04-16 11:49:47,391 - root - INFO - 人生苦短,我用Python  第62次
2019-04-16 11:49:47,391 - root - INFO - 人生苦短,我用Python  第63次
2019-04-16 11:49:47,391 - root - INFO - 人生苦短,我用Python  第64次
2019-04-16 11:49:47,392 - root - INFO - 人生苦短,我用Python  第65次
2019-04-16 11:49:47,392 - root - INFO - 人生苦短,我用Python  第66次
2019-04-16 11:49:47,392 - root - INFO - 人生苦短,我用Python  第67次
2019-04-16 11:49:47,392 - root - INFO - 人生苦短,我用Python  第68次
2019-04-16 11:49:47,392 - root - INFO - 人生苦短,我用Python  第69次
2019-04-16 11:49:47,392 - root - INFO - 人生苦短,我用Python  第70次
2019-04-16 11:49:47,392 - root - INFO - 人生苦短,我用Python  第71次
2019-04-16 11:49:47,392 - root - INFO - 人生苦短,我用Python  第72次
2019-04-16 11:49:47,392 - root - INFO - 人生苦短,我用Python  第73次
2019-04-16 11:49:47,392 - root - INFO - 人生苦短,我用Python  第74次
2019-04-16 11:49:47,392 - root - INFO - 人生苦短,我用Python  第75次
2019-04-16 11:49:47,393 - root - INFO - 人生苦短,我用Python  第76次
2019-04-16 11:49:47,393 - root - INFO - 人生苦短,我用Python  第77次
2019-04-16 11:49:47,393 - root - INFO - 人生苦短,我用Python  第78次
2019-04-16 11:49:47,393 - root - INFO - 人生苦短,我用Python  第79次
2019-04-16 11:49:47,393 - root - INFO - 人生苦短,我用Python  第80次
2019-04-16 11:49:47,393 - root - INFO - 人生苦短,我用Python  第81次
2019-04-16 11:49:47,393 - root - INFO - 人生苦短,我用Python  第82次
2019-04-16 11:49:47,393 - root - INFO - 人生苦短,我用Python  第83次
2019-04-16 11:49:47,393 - root - INFO - 人生苦短,我用Python  第84次
2019-04-16 11:49:47,393 - root - INFO - 人生苦短,我用Python  第85次
2019-04-16 11:49:47,394 - root - INFO - 人生苦短,我用Python  第86次
2019-04-16 11:49:47,394 - root - INFO - 人生苦短,我用Python  第87次
2019-04-16 11:49:47,394 - root - INFO - 人生苦短,我用Python  第88次
2019-04-16 11:49:47,394 - root - INFO - 人生苦短,我用Python  第89次
2019-04-16 11:49:47,394 - root - INFO - 人生苦短,我用Python  第90次
2019-04-16 11:49:47,394 - root - INFO - 人生苦短,我用Python  第91次
2019-04-16 11:49:47,394 - root - INFO - 人生苦短,我用Python  第92次
2019-04-16 11:49:47,394 - root - INFO - 人生苦短,我用Python  第93次
2019-04-16 11:49:47,394 - root - INFO - 人生苦短,我用Python  第94次
2019-04-16 11:49:47,394 - root - INFO - 人生苦短,我用Python  第95次
2019-04-16 11:49:47,394 - root - INFO - 人生苦短,我用Python  第96次
2019-04-16 11:49:47,395 - root - INFO - 人生苦短,我用Python  第97次
2019-04-16 11:49:47,395 - root - INFO - 人生苦短,我用Python  第98次
2019-04-16 11:49:47,395 - root - INFO - 人生苦短,我用Python  第99次
2019-04-16 11:49:47,395 - root - INFO - 人生苦短,我用Python  第100次
